INFO - time: 2024-03-13 18:57:33: event: start fetch: subreddit_name: uvic
INFO - time: 2024-03-13 18:57:33: event: submission ID found: id: 1b6omyl
INFO - time: 2024-03-13 18:57:33: event: submission ID found: id: 1aw61ad
INFO - time: 2024-03-13 18:57:33: event: submission processing: id: 1b8ee7p
INFO - time: 2024-03-13 18:57:34: event: submission ID found: id: 1b50pq3
INFO - time: 2024-03-13 18:57:35: event: submission ID found: id: own79d
INFO - time: 2024-03-13 18:57:36: event: submission processing: id: 1badhzj
INFO - time: 2024-03-13 18:57:36: event: submission ID found: id: 1aut1sr
INFO - time: 2024-03-13 18:57:36: event: submission ID found: id: 1aonh5e
INFO - time: 2024-03-13 18:57:37: event: submission ID found: id: 1avaejy
INFO - time: 2024-03-13 18:57:37: event: submission ID found: id: 1anuzd4
INFO - time: 2024-03-13 18:57:37: event: submission ID found: id: 1axqr9j
INFO - time: 2024-03-13 18:57:37: event: submission ID found: id: 1b474mb
INFO - time: 2024-03-13 18:57:37: event: submission ID found: id: 1aui1jh
INFO - time: 2024-03-13 18:57:37: event: submission ID found: id: 1b146ch
INFO - time: 2024-03-13 18:57:37: event: submission processing: id: 1bbgvsu
INFO - time: 2024-03-13 18:57:37: event: submission ID found: id: 1ao18r8
INFO - time: 2024-03-13 18:57:37: event: submission processing: id: 1bazfyj
INFO - time: 2024-03-13 18:57:38: event: submission processing: id: 1bckeb3
INFO - time: 2024-03-13 18:57:38: event: submission ID found: id: 1b2s3zp
INFO - time: 2024-03-13 18:57:38: event: submission ID found: id: 1aq8mgf
INFO - time: 2024-03-13 18:57:40: event: submission ID found: id: 1b50pq3
INFO - time: 2024-03-13 18:57:40: event: submission ID found: id: 1anuzd4
INFO - time: 2024-03-13 18:57:40: event: final data file append: last_written_index: 27: new_row_count: 33
