INFO - time: 2024-02-15 11:30:17: event: start fetch: source: xtwitter
INFO - time: 2024-02-15 11:30:17: event: query file loaded: query_cnt: 846
INFO - time: 2024-02-15 11:30:17: event: No history file found: history_row_cnt: 0
INFO - time: 2024-02-15 11:30:17: event: fetch success: query_num: 1: sample_response:    index                                               text  ...                                    search_keywords                               search_neighbourhood
6      6  @TiceRichard @reformparty_uk @GBNEWS When the ...  ...  (900-block pandora avenue OR esquimalt OR high...  900-block pandora avenue OR esquimalt OR highl...

[1 rows x 16 columns]: query: (900-block pandora avenue OR esquimalt OR highlands OR metchosin OR pacheedaht OR saanich OR sooke OR vic west) (aboriginal coalition to end homelessness OR our place society OR victoria native friendship centre OR island health OR united way southern vancouver island OR greater victoria acting together OR victoria foundation OR aechr OR pacifica housing OR umbrella society OR unhoused OR crime) lang:en -is:retweet
INFO - time: 2024-02-15 11:30:20: event: fetch success: query_num: 2: sample_response:    index                                               text  ...                                    search_keywords                               search_neighbourhood
0      0  @CBSNewsColorado Cocaine and heroin were super...  ...  (900-block pandora avenue OR esquimalt OR high...  900-block pandora avenue OR esquimalt OR highl...

[1 rows x 16 columns]: query: (900-block pandora avenue OR esquimalt OR highlands OR metchosin OR pacheedaht OR saanich OR sooke OR vic west) (aceh OR pacifica housing OR victoria police department OR makola housing society OR vancouver island mental health society OR greater victoria placemaking network OR tourism vancouver island OR alliance to end homelessness in the capital region OR salvation army OR victoria native friendship centre OR violence OR drugs) lang:en -is:retweet
INFO - time: 2024-02-15 11:30:23: event: fetch success: query_num: 3: sample_response:     index                                               text  ...                                    search_keywords                               search_neighbourhood
34     34  @fopminui @fasc1nate In the heart of the Scott...  ...  (900-block pandora avenue OR esquimalt OR high...  900-block pandora avenue OR esquimalt OR highl...

[1 rows x 16 columns]: query: (900-block pandora avenue OR esquimalt OR highlands OR metchosin OR pacheedaht OR saanich OR sooke OR vic west) (aids vancouver island OR peers victoria resources society OR victoria tenant action group OR mental health recovery partners, south island OR vandu OR hillsidequadra OR town of view royal OR encampment OR sooke homelessness coalition OR peer housing support program OR home OR low-income) lang:en -is:retweet
INFO - time: 2024-02-15 11:30:26: event: fetch success: query_num: 4: sample_response:    index                                               text  ...                                    search_keywords                               search_neighbourhood
4      4  #Saanich Council votes 9-0 to support a rezoni...  ...  (900-block pandora avenue OR esquimalt OR high...  900-block pandora avenue OR esquimalt OR highl...

[1 rows x 16 columns]: query: (900-block pandora avenue OR esquimalt OR highlands OR metchosin OR pacheedaht OR saanich OR sooke OR vic west) (avi OR saanich police community engagement division OR vtag OR mustard seed OR victoria disability resource centre OR home for hope OR township of esquimalt OR emergency housing OR sooke transition house society OR people with lived experience OR affordable housing OR narcotics) lang:en -is:retweet
INFO - time: 2024-02-15 11:30:28: event: fetch success: query_num: 5: sample_response:    index                                               text  ...                                    search_keywords                               search_neighbourhood
0      0  @CBSNewsColorado Cocaine and heroin were super...  ...  (900-block pandora avenue OR esquimalt OR high...  900-block pandora avenue OR esquimalt OR highl...

[1 rows x 16 columns]: query: (900-block pandora avenue OR esquimalt OR highlands OR metchosin OR pacheedaht OR saanich OR sooke OR vic west) (anawim house OR safer victoria OR victoria women's transition house OR north park neighbourhood association OR victoria family court and youth justice committee OR i love first peoples victoria OR university of victoria OR subsidized housing OR the cridge centre for the family OR point in time OR drugs OR overdose) lang:en -is:retweet
INFO - time: 2024-02-15 11:30:31: event: fetch no data: query: (900-block pandora avenue OR esquimalt OR highlands OR metchosin OR pacheedaht OR saanich OR sooke OR vic west) (anawin companion society OR sanctuary youth centre OR vwth OR npna OR victoria harbour cats OR islandcommha OR vibrant victoria OR peer housing support OR victoria women's transition house OR harm reduction OR evict OR social problem) lang:en -is:retweet
INFO - time: 2024-02-15 11:30:34: event: fetch success: query_num: 7: sample_response:    index                                               text  ...                                    search_keywords                               search_neighbourhood
4      4  @aab_fi @PMEthiopia @Ethioinsomalia @mfaethiop...  ...  (900-block pandora avenue OR esquimalt OR high...  900-block pandora avenue OR esquimalt OR highl...

[1 rows x 16 columns]: query: (900-block pandora avenue OR esquimalt OR highlands OR metchosin OR pacheedaht OR saanich OR sooke OR vic west) (avivanisle OR save beacon hill park OR working upstream to prevent youth homelessness OR quadra village community centre OR victoria real estate board OR james bay community project OR victoria aids resource community services OR person experiencing homelessness OR vwth OR safe supply OR poor OR social structure) lang:en -is:retweet
INFO - time: 2024-02-15 11:30:36: event: fetch success: query_num: 8: sample_response:    index                                               text  ...                                    search_keywords                               search_neighbourhood
5      5  #Saanich Council votes 9-0 to support a rezoni...  ...  (900-block pandora avenue OR esquimalt OR high...  900-block pandora avenue OR esquimalt OR highl...

[1 rows x 16 columns]: query: (900-block pandora avenue OR esquimalt OR highlands OR metchosin OR pacheedaht OR saanich OR sooke OR vic west) (bc housing OR society of st vincent de paul OR beacon community services OR rentsmart OR victoria women in need OR literacy victoria OR victoria brain injury society OR temporary shelter OR couch surfing OR service provider OR poverty OR stolen) lang:en -is:retweet
INFO - time: 2024-02-15 11:30:39: event: fetch success: query_num: 9: sample_response:    index                                               text  ...                                    search_keywords                               search_neighbourhood
6      6  @NRfan80 @PositivFuturist Imagine wanting to b...  ...  (900-block pandora avenue OR esquimalt OR high...  900-block pandora avenue OR esquimalt OR highl...

[1 rows x 16 columns]: query: (900-block pandora avenue OR esquimalt OR highlands OR metchosin OR pacheedaht OR saanich OR sooke OR vic west) (capital regional district OR svdp OR burnside gorge community association OR saanich police department OR win OR mental health society of greater victoria OR victoria chamber OR temporary housing OR low income OR front line worker OR social housing OR theft) lang:en -is:retweet
INFO - time: 2024-02-15 11:30:42: event: fetch success: query_num: 10: sample_response:     index                                               text  ...                                    search_keywords                               search_neighbourhood
10     10  @prairieoceanboy @CityOfVictoria @crd_bc @saan...  ...  (900-block pandora avenue OR esquimalt OR high...  900-block pandora avenue OR esquimalt OR highl...

[1 rows x 16 columns]: query: (900-block pandora avenue OR esquimalt OR highlands OR metchosin OR pacheedaht OR saanich OR sooke OR vic west) (crd OR sooke homelessness coalition OR city of victoria youth council OR salvation army victoria arc OR westshore chamber of commerce OR need2 suicide prevention education & support OR victoria downtown residents association OR tiny town OR affordable housing OR healthcare OR substance use OR thief) lang:en -is:retweet
INFO - time: 2024-02-15 11:30:44: event: fetch success: query_num: 11: sample_response:    index                                               text  ...                                    search_keywords                               search_neighbourhood
0      0  @WriteEditPJ Such gentle creatures 😍 \nMy uncl...  ...  (900-block pandora avenue OR esquimalt OR high...  900-block pandora avenue OR esquimalt OR highl...

[1 rows x 16 columns]: query: (900-block pandora avenue OR esquimalt OR highlands OR metchosin OR pacheedaht OR saanich OR sooke OR vic west) (central saanich police service OR sooke transition house society OR corporation of the township of esquimalt OR soap for hope victoria OR 1up victoria single parent resource centre OR oak bay united church OR victoria placemaking OR aceh OR lived experience OR homelessness services association of bc OR tent OR theft) lang:en -is:retweet
INFO - time: 2024-02-15 11:30:47: event: fetch success: query_num: 12: sample_response:    index                                               text  ...                                    search_keywords                               search_neighbourhood
1      1  @prairieoceanboy Once one starts name-calling,...  ...  (900-block pandora avenue OR esquimalt OR high...  900-block pandora avenue OR esquimalt OR highl...

[1 rows x 16 columns]: query: (900-block pandora avenue OR esquimalt OR highlands OR metchosin OR pacheedaht OR saanich OR sooke OR vic west) (city of victoria OR tenant action group victoria OR downtown victoria business association OR solid outreach OR aryze developments OR red cedar café OR victoria ready OR aboriginal coalition to end homelessness OR community plan to end homelessness OR victoria sexual assault centre OR addict/addicted) lang:en -is:retweet
INFO - time: 2024-02-15 11:30:50: event: fetch success: query_num: 13: sample_response:    index                                               text  ...                                    search_keywords                               search_neighbourhood
7      7  #Saanich Council votes 9-0 to support a rezoni...  ...  (900-block pandora avenue OR esquimalt OR high...  900-block pandora avenue OR esquimalt OR highl...

[1 rows x 16 columns]: query: (900-block pandora avenue OR esquimalt OR highlands OR metchosin OR pacheedaht OR saanich OR sooke OR vic west) (community social planning council OR the backpack project  victoria bc OR dvba OR substance uvic OR boys and girls club south vanouver island OR restorative justice victoria OR victoria sexual assault centre OR anawim OR coordinated access and assessment OR #povertypimps OR affordable) lang:en -is:retweet
INFO - time: 2024-02-15 11:30:53: event: fetch success: query_num: 14: sample_response:    index                                               text  ...                                    search_keywords                               search_neighbourhood
3      3  #Saanich Council votes 9-0 to support a rezoni...  ...  (900-block pandora avenue OR esquimalt OR high...  900-block pandora avenue OR esquimalt OR highl...

[1 rows x 16 columns]: query: (900-block pandora avenue OR esquimalt OR highlands OR metchosin OR pacheedaht OR saanich OR sooke OR vic west) (cool aid society OR the cridge centre for the family OR esquimalt nation office OR the existence project OR city of colwood OR rotary club of victoria OR workbc centre - victoria OR bc housing OR reaching home OR encampment OR alcoholic) lang:en -is:retweet
INFO - time: 2024-02-15 11:30:55: event: fetch success: query_num: 15: sample_response:    index                                               text  ...                                    search_keywords                               search_neighbourhood
1      1  Meet the 2024 Lake Highlands Wildcats. @camp_m...  ...  (900-block pandora avenue OR esquimalt OR high...  900-block pandora avenue OR esquimalt OR highl...

[1 rows x 16 columns]: query: (900-block pandora avenue OR esquimalt OR highlands OR metchosin OR pacheedaht OR saanich OR sooke OR vic west) (foundry victoria OR the homeless idea podcast OR fernwood community association OR john howard society OR destination greater victoria visitor center OR salt spring exchange OR young parents support OR cool aid OR complex care OR homeless OR camp) lang:en -is:retweet
INFO - time: 2024-02-15 11:30:58: event: fetch success: query_num: 16: sample_response:    index                                               text  ...                                    search_keywords                               search_neighbourhood
2      2  Leading #Ballarat organisations incl. @cityofb...  ...  (900-block pandora avenue OR esquimalt OR high...  900-block pandora avenue OR esquimalt OR highl...

[1 rows x 16 columns]: query: (900-block pandora avenue OR esquimalt OR highlands OR metchosin OR pacheedaht OR saanich OR sooke OR vic west) (greater victoria coalition to end homelessness OR victoria s.o.s. OR first metropolitan united church OR the victoria real estate board OR district of north saanich OR south island centre for counselling and training OR hope through achievement foundation victoria OR foundry victoria OR makola housing society OR homelessness OR camper) lang:en -is:retweet
INFO - time: 2024-02-15 11:31:01: event: fetch success: query_num: 17: sample_response:     index                                               text  ...                                    search_keywords                               search_neighbourhood
12     12  The District of Saanich has once again been se...  ...  (900-block pandora avenue OR esquimalt OR high...  900-block pandora avenue OR esquimalt OR highl...

[1 rows x 16 columns]: query: (900-block pandora avenue OR esquimalt OR highlands OR metchosin OR pacheedaht OR saanich OR sooke OR vic west) (greater victoria housing society OR john howard society of victoria OR greater yyj politics OR vreb OR district of saanich OR st. john ambulance OR yyj tenants union OR greater victoria coalition to end homelessness OR peers victoria resources society OR housing OR camping) lang:en -is:retweet
INFO - time: 2024-02-15 11:31:04: event: fetch exception: exception_info: name 'client' is not defined: query_num: 18: num_results: 111: query: (900-block pandora avenue OR esquimalt OR highlands OR metchosin OR pacheedaht OR saanich OR sooke OR vic west) (homelessness services association of bc OR umbrella society OR habitat for humanity victoria OR togethervic OR extreme outreach society & coffee house OR the mustard seed OR gvceh OR our place OR solid outreach OR shelter OR collude) lang:en -is:retweet
INFO - time: 2024-02-15 11:31:04: event: fetch complete
